ZZZ/build/app/intermediates/manifest_merge_blame_file/debug/manifest-merger-blame-debug-report.txt
1<?xml version="1.0" encoding="utf-8"?>
2<manifest xmlns:android="http://schemas.android.com/apk/res/android"
3    package="com.example.admin_jury_pro"
4    android:versionCode="1"
5    android:versionName="1.0.0" >
6
7    <uses-sdk
8        android:minSdkVersion="16"
9        android:targetSdkVersion="28" />
10    <!--
11         Flutter needs it to communicate with the running application
12         to allow setting breakpoints, to provide hot reload, etc.
13    -->
14    <uses-permission android:name="android.permission.INTERNET" />
14-->src/debug/AndroidManifest.xml:6:5-66
14-->src/debug/AndroidManifest.xml:6:22-64
15    <uses-permission android:name="android.permission.BLUETOOTH" />
15-->[:flutter_nearby_connections] AndroidManifest.xml:7:5-68
15-->[:flutter_nearby_connections] AndroidManifest.xml:7:22-65
16    <uses-permission android:name="android.permission.BLUETOOTH_ADMIN" />
16-->[:flutter_nearby_connections] AndroidManifest.xml:8:5-74
16-->[:flutter_nearby_connections] AndroidManifest.xml:8:22-71
17    <uses-permission android:name="android.permission.ACCESS_WIFI_STATE" />
17-->[:flutter_nearby_connections] AndroidManifest.xml:9:5-76
17-->[:flutter_nearby_connections] AndroidManifest.xml:9:22-73
18    <uses-permission android:name="android.permission.CHANGE_WIFI_STATE" />
18-->[:flutter_nearby_connections] AndroidManifest.xml:10:5-76
18-->[:flutter_nearby_connections] AndroidManifest.xml:10:22-73
19    <uses-permission android:name="android.permission.CHANGE_NETWORK_STATE" />
19-->[:flutter_nearby_connections] AndroidManifest.xml:11:5-79
19-->[:flutter_nearby_connections] AndroidManifest.xml:11:22-76
20    <uses-permission android:name="android.permission.ACCESS_NETWORK_STATE" />
20-->[:flutter_nearby_connections] AndroidManifest.xml:13:5-79
20-->[:flutter_nearby_connections] AndroidManifest.xml:13:22-76
21
22    <uses-feature android:name="android.hardware.wifi.direct" />
22-->[:flutter_nearby_connections] AndroidManifest.xml:15:5-65
22-->[:flutter_nearby_connections] AndroidManifest.xml:15:19-62
23
24    <uses-permission android:name="android.permission.ACCESS_COARSE_LOCATION" />
24-->[:flutter_nearby_connections] AndroidManifest.xml:17:5-81
24-->[:flutter_nearby_connections] AndroidManifest.xml:17:22-78
25    <uses-permission android:name="android.permission.ACCESS_FINE_LOCATION" />
25-->[:flutter_nearby_connections] AndroidManifest.xml:18:5-79
25-->[:flutter_nearby_connections] AndroidManifest.xml:18:22-76
26    <uses-permission android:name="android.permission.WAKE_LOCK" />
26-->[:flutter_nearby_connections] AndroidManifest.xml:19:5-68
26-->[:flutter_nearby_connections] AndroidManifest.xml:19:22-65
27    <uses-permission android:name="android.permission.FOREGROUND_SERVICE" />
27-->[:flutter_nearby_connections] AndroidManifest.xml:20:5-77
27-->[:flutter_nearby_connections] AndroidManifest.xml:20:22-74
28    <uses-permission android:name="android.permission.READ_EXTERNAL_STORAGE" />
28-->[:image_picker] AndroidManifest.xml:7:5-80
28-->[:image_picker] AndroidManifest.xml:7:22-77
29    <uses-permission android:name="android.permission.WRITE_EXTERNAL_STORAGE" />
29-->[:image_picker] AndroidManifest.xml:8:5-81
29-->[:image_picker] AndroidManifest.xml:8:22-78
30    <!--
31 io.flutter.app.FlutterApplication is an android.app.Application that
32         calls FlutterMain.startInitialization(this); in its onCreate method.
33         In most cases you can leave this as-is, but you if you want to provide
34         additional functionality it is fine to subclass or reimplement
35         FlutterApplication and put your custom class here.
36    -->
37    <application
37-->src/main/AndroidManifest.xml:8:5-46:19
38        android:name="io.flutter.app.FlutterApplication"
38-->src/main/AndroidManifest.xml:9:9-57
39        android:appComponentFactory="androidx.core.app.CoreComponentFactory"
39-->[androidx.core:core:1.5.0-beta01] AndroidManifest.xml:24:18-86
40        android:debuggable="true"
41        android:icon="@mipmap/ic_launcher"
41-->src/main/AndroidManifest.xml:11:9-43
42        android:label="admin_jury_pro" >
42-->src/main/AndroidManifest.xml:10:9-39
43        <activity
43-->src/main/AndroidManifest.xml:12:9-40:20
44            android:name="com.example.admin_jury_pro.MainActivity"
44-->src/main/AndroidManifest.xml:13:13-41
45            android:configChanges="orientation|keyboardHidden|keyboard|screenSize|smallestScreenSize|locale|layoutDirection|fontScale|screenLayout|density|uiMode"
45-->src/main/AndroidManifest.xml:16:13-163
46            android:hardwareAccelerated="true"
46-->src/main/AndroidManifest.xml:17:13-47
47            android:launchMode="singleTop"
47-->src/main/AndroidManifest.xml:14:13-43
48            android:theme="@style/LaunchTheme"
48-->src/main/AndroidManifest.xml:15:13-47
49            android:windowSoftInputMode="adjustResize" >
49-->src/main/AndroidManifest.xml:18:13-55
50
51            <!--
52                 Specifies an Android theme to apply to this Activity as soon as
53                 the Android process has started. This theme is visible to the user
54                 while the Flutter UI initializes. After that, this theme continues
55                 to determine the Window background behind the Flutter UI.
56            -->
57            <meta-data
57-->src/main/AndroidManifest.xml:23:13-26:17
58                android:name="io.flutter.embedding.android.NormalTheme"
58-->src/main/AndroidManifest.xml:24:15-70
59                android:resource="@style/NormalTheme" />
59-->src/main/AndroidManifest.xml:25:15-52
60            <!--
61                 Displays an Android View that continues showing the launch screen
62                 Drawable until Flutter paints its first frame, then this splash
63                 screen fades out. A splash screen is useful to avoid any visual
64                 gap between the end of Android's launch screen and the painting of
65                 Flutter's first frame.
66            -->
67            <meta-data
67-->src/main/AndroidManifest.xml:32:13-35:17
68                android:name="io.flutter.embedding.android.SplashScreenDrawable"
68-->src/main/AndroidManifest.xml:33:15-79
69                android:resource="@drawable/launch_background" />
69-->src/main/AndroidManifest.xml:34:15-61
70
71            <intent-filter>
71-->src/main/AndroidManifest.xml:36:13-39:29
72                <action android:name="android.intent.action.MAIN" />
72-->src/main/AndroidManifest.xml:37:17-68
72-->src/main/AndroidManifest.xml:37:25-66
73
74                <category android:name="android.intent.category.LAUNCHER" />
74-->src/main/AndroidManifest.xml:38:17-76
74-->src/main/AndroidManifest.xml:38:27-74
75            </intent-filter>
76        </activity>
77        <!--
78             Don't delete the meta-data below.
79             This is used by the Flutter tool to generate GeneratedPluginRegistrant.java
80        -->
81        <meta-data
81-->src/main/AndroidManifest.xml:43:9-45:33
82            android:name="flutterEmbedding"
82-->src/main/AndroidManifest.xml:44:13-44
83            android:value="2" />
83-->src/main/AndroidManifest.xml:45:13-30
84
85        <service
85-->[:flutter_nearby_connections] AndroidManifest.xml:23:9-26:39
86            android:name="com.nankai.flutter_nearby_connections.NearbyService"
86-->[:flutter_nearby_connections] AndroidManifest.xml:24:13-79
87            android:enabled="true"
87-->[:flutter_nearby_connections] AndroidManifest.xml:25:13-35
88            android:exported="true" />
88-->[:flutter_nearby_connections] AndroidManifest.xml:26:13-36
89
90        <provider
90-->[:image_picker] AndroidManifest.xml:11:9-19:20
91            android:name="io.flutter.plugins.imagepicker.ImagePickerFileProvider"
91-->[:image_picker] AndroidManifest.xml:12:13-82
92            android:authorities="com.example.admin_jury_pro.flutter.image_provider"
92-->[:image_picker] AndroidManifest.xml:13:13-74
93            android:exported="false"
93-->[:image_picker] AndroidManifest.xml:14:13-37
94            android:grantUriPermissions="true" >
94-->[:image_picker] AndroidManifest.xml:15:13-47
95            <meta-data
95-->[:image_picker] AndroidManifest.xml:16:13-18:75
96                android:name="android.support.FILE_PROVIDER_PATHS"
96-->[:image_picker] AndroidManifest.xml:17:17-67
97                android:resource="@xml/flutter_image_picker_file_paths" />
97-->[:image_picker] AndroidManifest.xml:18:17-72
98        </provider>
99
100        <activity
100-->[com.google.android.gms:play-services-base:17.3.0] AndroidManifest.xml:23:9-26:75
101            android:name="com.google.android.gms.common.api.GoogleApiActivity"
101-->[com.google.android.gms:play-services-base:17.3.0] AndroidManifest.xml:24:13-79
102            android:exported="false"
102-->[com.google.android.gms:play-services-base:17.3.0] AndroidManifest.xml:25:13-37
103            android:theme="@android:style/Theme.Translucent.NoTitleBar" />
103-->[com.google.android.gms:play-services-base:17.3.0] AndroidManifest.xml:26:13-72
104
105        <meta-data
105-->[com.google.android.gms:play-services-basement:17.3.0] AndroidManifest.xml:23:9-25:69
106            android:name="com.google.android.gms.version"
106-->[com.google.android.gms:play-services-basement:17.3.0] AndroidManifest.xml:24:13-58
107            android:value="@integer/google_play_services_version" />
107-->[com.google.android.gms:play-services-basement:17.3.0] AndroidManifest.xml:25:13-66
108    </application>
109
110</manifest>